This is pdfTeX, Version 3.141592653-2.6-1.40.23 (TeX Live 2021) (preloaded format=pdflatex 2021.12.4)  4 DEC 2021 15:25
entering extended mode
 restricted \write18 enabled.
 %&-line parsing enabled.
**tese_jefferson.tex
(./tese_jefferson.tex
LaTeX2e <2021-11-15>
L3 programming layer <2021-11-22> (./coppe.cls
Document Class: coppe 2020/03/02\ v3.0\ COPPE Dissertations and Thesis
(/home/jeff/.TinyTeX/texmf-dist/tex/latex/base/book.cls
Document Class: book 2021/10/04 v1.4n Standard LaTeX document class
(/home/jeff/.TinyTeX/texmf-dist/tex/latex/base/bk12.clo
File: bk12.clo 2021/10/04 v1.4n Standard LaTeX file (size option)
)
\c@part=\count183
\c@chapter=\count184
\c@section=\count185
\c@subsection=\count186
\c@subsubsection=\count187
\c@paragraph=\count188
\c@subparagraph=\count189
\c@figure=\count190
\c@table=\count191
\abovecaptionskip=\skip47
\belowcaptionskip=\skip48
\bibindent=\dimen138
) (/home/jeff/.TinyTeX/texmf-dist/tex/latex/natbib/natbib.sty
Package: natbib 2010/09/13 8.31b (PWD, AO)
\bibhang=\skip49
\bibsep=\skip50
LaTeX Info: Redefining \cite on input line 694.
\c@NAT@ctr=\count192
) (/home/jeff/.TinyTeX/texmf-dist/tex/latex/hyphenat/hyphenat.sty
Package: hyphenat 2009/09/02 v2.3c hyphenation utilities
\langwohyphens=\language4
LaTeX Info: Redefining \_ on input line 43.
) (/home/jeff/.TinyTeX/texmf-dist/tex/latex/lastpage/lastpage.sty
Package: lastpage 2021/09/03 v1.2n Refers to last page's name (HMM; JPG)
) (/home/jeff/.TinyTeX/texmf-dist/tex/latex/base/ifthen.sty
Package: ifthen 2020/11/24 v1.1c Standard LaTeX ifthen package (DPC)
) (/home/jeff/.TinyTeX/texmf-dist/tex/latex/graphics/graphicx.sty
Package: graphicx 2021/09/16 v1.2d Enhanced LaTeX Graphics (DPC,SPQR)
(/home/jeff/.TinyTeX/texmf-dist/tex/latex/graphics/keyval.sty
Package: keyval 2014/10/28 v1.15 key=value parser (DPC)
\KV@toks@=\toks16
) (/home/jeff/.TinyTeX/texmf-dist/tex/latex/graphics/graphics.sty
Package: graphics 2021/03/04 v1.4d Standard LaTeX Graphics (DPC,SPQR)
(/home/jeff/.TinyTeX/texmf-dist/tex/latex/graphics/trig.sty
Package: trig 2021/08/11 v1.11 sin cos tan (DPC)
) (/home/jeff/.TinyTeX/texmf-dist/tex/latex/graphics-cfg/graphics.cfg
File: graphics.cfg 2016/06/04 v1.11 sample graphics configuration
)
Package graphics Info: Driver file: pdftex.def on input line 107.
(/home/jeff/.TinyTeX/texmf-dist/tex/latex/graphics-def/pdftex.def
File: pdftex.def 2020/10/05 v1.2a Graphics/color driver for pdftex
))
\Gin@req@height=\dimen139
\Gin@req@width=\dimen140
) (/home/jeff/.TinyTeX/texmf-dist/tex/latex/setspace/setspace.sty
Package: setspace 2011/12/19 v6.7a set line spacing
) (/home/jeff/.TinyTeX/texmf-dist/tex/latex/tools/tabularx.sty
Package: tabularx 2020/01/15 v2.11c `tabularx' package (DPC)
(/home/jeff/.TinyTeX/texmf-dist/tex/latex/tools/array.sty
Package: array 2021/10/04 v2.5f Tabular extension package (FMi)
\col@sep=\dimen141
\ar@mcellbox=\box50
\extrarowheight=\dimen142
\NC@list=\toks17
\extratabsurround=\skip51
\backup@length=\skip52
\ar@cellbox=\box51
)
\TX@col@width=\dimen143
\TX@old@table=\dimen144
\TX@old@col=\dimen145
\TX@target=\dimen146
\TX@delta=\dimen147
\TX@cols=\count193
\TX@ftn=\toks18
) (/home/jeff/.TinyTeX/texmf-dist/tex/latex/eqparbox/eqparbox.sty
Package: eqparbox 2017/09/03 v4.1 Create equal-widthed boxes
\eqp@tempdima=\skip53
\eqp@tempdimb=\skip54
\eqp@tabular@box=\box52
\eqp@list@box=\box53
\eqp@list@indent=\skip55
(/home/jeff/.TinyTeX/texmf-dist/tex/latex/environ/environ.sty
Package: environ 2014/05/04 v0.3 A new way to define environments
(/home/jeff/.TinyTeX/texmf-dist/tex/latex/trimspaces/trimspaces.sty
Package: trimspaces 2009/09/17 v1.1 Trim spaces around a token list
)
\@envbody=\toks19
)) (/home/jeff/.TinyTeX/texmf-dist/tex/generic/ltxcmds/ltxcmds.sty
Package: ltxcmds 2020-05-10 v1.25 LaTeX kernel commands for general use (HO)
) (/home/jeff/.TinyTeX/texmf-dist/tex/latex/psnfss/mathpazo.sty
Package: mathpazo 2020/03/25 PSNFSS-v9.3 Palatino w/ Pazo Math (D.Puga, WaS) 
\symupright=\mathgroup4
) (/home/jeff/.TinyTeX/texmf-dist/tex/generic/babel/babel.sty
Package: babel 2021/11/29 3.67 The Babel package
\babel@savecnt=\count194
\U@D=\dimen148
\l@unhyphenated=\language5
(/home/jeff/.TinyTeX/texmf-dist/tex/generic/babel/txtbabel.def)
\bbl@readstream=\read2
\bbl@dirlevel=\count195
(/home/jeff/.TinyTeX/texmf-dist/tex/generic/babel-english/english.ldf
Language: english 2017/06/06 v3.3r English support from the babel system
Package babel Info: Hyphen rules for 'british' set to \l@english
(babel)             (\language0). Reported on input line 82.
Package babel Info: Hyphen rules for 'UKenglish' set to \l@english
(babel)             (\language0). Reported on input line 83.
Package babel Info: Hyphen rules for 'canadian' set to \l@english
(babel)             (\language0). Reported on input line 102.
Package babel Info: Hyphen rules for 'australian' set to \l@english
(babel)             (\language0). Reported on input line 105.
Package babel Info: Hyphen rules for 'newzealand' set to \l@english
(babel)             (\language0). Reported on input line 108.
)) (/home/jeff/.TinyTeX/texmf-dist/tex/latex/base/inputenc.sty
Package: inputenc 2021/02/14 v1.3d Input encoding file
\inpenc@prehook=\toks20
\inpenc@posthook=\toks21
) (/home/jeff/.TinyTeX/texmf-dist/tex/latex/base/fontenc.sty
Package: fontenc 2021/04/29 v2.0v Standard LaTeX package
LaTeX Font Info:    Trying to load font information for T1+ppl on input line 11
2.
(/home/jeff/.TinyTeX/texmf-dist/tex/latex/psnfss/t1ppl.fd
File: t1ppl.fd 2001/06/04 font definitions for T1/ppl.
)) (/home/jeff/.TinyTeX/texmf-dist/tex/latex/geometry/geometry.sty
Package: geometry 2020/01/02 v5.9 Page Geometry
(/home/jeff/.TinyTeX/texmf-dist/tex/generic/iftex/ifvtex.sty
Package: ifvtex 2019/10/25 v1.7 ifvtex legacy package. Use iftex instead.
(/home/jeff/.TinyTeX/texmf-dist/tex/generic/iftex/iftex.sty
Package: iftex 2020/03/06 v1.0d TeX engine tests
))
\Gm@cnth=\count196
\Gm@cntv=\count197
\c@Gm@tempcnt=\count198
\Gm@bindingoffset=\dimen149
\Gm@wd@mp=\dimen150
\Gm@odd@mp=\dimen151
\Gm@even@mp=\dimen152
\Gm@layoutwidth=\dimen153
\Gm@layoutheight=\dimen154
\Gm@layouthoffset=\dimen155
\Gm@layoutvoffset=\dimen156
\Gm@dimlist=\toks22
)
\@advisor=\count199
\@examiner=\count266
\c@keywords=\count267
\bibindent=\dimen157
\recuolongquote=\skip56
) (/home/jeff/.TinyTeX/texmf-dist/tex/latex/amsmath/amsmath.sty
Package: amsmath 2021/10/15 v2.17l AMS math features
\@mathmargin=\skip57
For additional information on amsmath, use the `?' option.
(/home/jeff/.TinyTeX/texmf-dist/tex/latex/amsmath/amstext.sty
Package: amstext 2021/08/26 v2.01 AMS text
(/home/jeff/.TinyTeX/texmf-dist/tex/latex/amsmath/amsgen.sty
File: amsgen.sty 1999/11/30 v2.0 generic functions
\@emptytoks=\toks23
\ex@=\dimen158
)) (/home/jeff/.TinyTeX/texmf-dist/tex/latex/amsmath/amsbsy.sty
Package: amsbsy 1999/11/29 v1.2d Bold Symbols
\pmbraise@=\dimen159
) (/home/jeff/.TinyTeX/texmf-dist/tex/latex/amsmath/amsopn.sty
Package: amsopn 2021/08/26 v2.02 operator names
)
\inf@bad=\count268
LaTeX Info: Redefining \frac on input line 234.
\uproot@=\count269
\leftroot@=\count270
LaTeX Info: Redefining \overline on input line 399.
\classnum@=\count271
\DOTSCASE@=\count272
LaTeX Info: Redefining \ldots on input line 496.
LaTeX Info: Redefining \dots on input line 499.
LaTeX Info: Redefining \cdots on input line 620.
\Mathstrutbox@=\box54
\strutbox@=\box55
\big@size=\dimen160
LaTeX Font Info:    Redeclaring font encoding OML on input line 743.
LaTeX Font Info:    Redeclaring font encoding OMS on input line 744.
\macc@depth=\count273
\c@MaxMatrixCols=\count274
\dotsspace@=\muskip16
\c@parentequation=\count275
\dspbrk@lvl=\count276
\tag@help=\toks24
\row@=\count277
\column@=\count278
\maxfields@=\count279
\andhelp@=\toks25
\eqnshift@=\dimen161
\alignsep@=\dimen162
\tagshift@=\dimen163
\tagwidth@=\dimen164
\totwidth@=\dimen165
\lineht@=\dimen166
\@envbody=\toks26
\multlinegap=\skip58
\multlinetaggap=\skip59
\mathdisplay@stack=\toks27
LaTeX Info: Redefining \[ on input line 2938.
LaTeX Info: Redefining \] on input line 2939.
) (/home/jeff/.TinyTeX/texmf-dist/tex/latex/amsfonts/amssymb.sty
Package: amssymb 2013/01/14 v3.01 AMS font symbols
(/home/jeff/.TinyTeX/texmf-dist/tex/latex/amsfonts/amsfonts.sty
Package: amsfonts 2013/01/14 v3.01 Basic AMSFonts support
\symAMSa=\mathgroup5
\symAMSb=\mathgroup6
LaTeX Font Info:    Redeclaring math symbol \hbar on input line 98.
LaTeX Font Info:    Overwriting math alphabet `\mathfrak' in version `bold'
(Font)                  U/euf/m/n --> U/euf/b/n on input line 106.
)) (/home/jeff/.TinyTeX/texmf-dist/tex/latex/hyperref/hyperref.sty
Package: hyperref 2021-06-07 v7.00m Hypertext links for LaTeX
(/home/jeff/.TinyTeX/texmf-dist/tex/generic/pdftexcmds/pdftexcmds.sty
Package: pdftexcmds 2020-06-27 v0.33 Utility functions of pdfTeX for LuaTeX (HO
)
(/home/jeff/.TinyTeX/texmf-dist/tex/generic/infwarerr/infwarerr.sty
Package: infwarerr 2019/12/03 v1.5 Providing info/warning/error messages (HO)
)
Package pdftexcmds Info: \pdf@primitive is available.
Package pdftexcmds Info: \pdf@ifprimitive is available.
Package pdftexcmds Info: \pdfdraftmode found.
) (/home/jeff/.TinyTeX/texmf-dist/tex/generic/kvsetkeys/kvsetkeys.sty
Package: kvsetkeys 2019/12/15 v1.18 Key value parser (HO)
) (/home/jeff/.TinyTeX/texmf-dist/tex/generic/kvdefinekeys/kvdefinekeys.sty
Package: kvdefinekeys 2019-12-19 v1.6 Define keys (HO)
) (/home/jeff/.TinyTeX/texmf-dist/tex/generic/pdfescape/pdfescape.sty
Package: pdfescape 2019/12/09 v1.15 Implements pdfTeX's escape features (HO)
) (/home/jeff/.TinyTeX/texmf-dist/tex/latex/hycolor/hycolor.sty
Package: hycolor 2020-01-27 v1.10 Color options for hyperref/bookmark (HO)
) (/home/jeff/.TinyTeX/texmf-dist/tex/latex/letltxmacro/letltxmacro.sty
Package: letltxmacro 2019/12/03 v1.6 Let assignment for LaTeX macros (HO)
) (/home/jeff/.TinyTeX/texmf-dist/tex/latex/auxhook/auxhook.sty
Package: auxhook 2019-12-17 v1.6 Hooks for auxiliary files (HO)
) (/home/jeff/.TinyTeX/texmf-dist/tex/latex/kvoptions/kvoptions.sty
Package: kvoptions 2020-10-07 v3.14 Key value format for package options (HO)
)
\@linkdim=\dimen167
\Hy@linkcounter=\count280
\Hy@pagecounter=\count281
(/home/jeff/.TinyTeX/texmf-dist/tex/latex/hyperref/pd1enc.def
File: pd1enc.def 2021-06-07 v7.00m Hyperref: PDFDocEncoding definition (HO)
Now handling font encoding PD1 ...
... no UTF-8 mapping file for font encoding PD1
) (/home/jeff/.TinyTeX/texmf-dist/tex/latex/hyperref/hyperref-langpatches.def
File: hyperref-langpatches.def 2021-06-07 v7.00m Hyperref: patches for babel la
nguages
) (/home/jeff/.TinyTeX/texmf-dist/tex/generic/intcalc/intcalc.sty
Package: intcalc 2019/12/15 v1.3 Expandable calculations with integers (HO)
) (/home/jeff/.TinyTeX/texmf-dist/tex/generic/etexcmds/etexcmds.sty
Package: etexcmds 2019/12/15 v1.7 Avoid name clashes with e-TeX commands (HO)
)
\Hy@SavedSpaceFactor=\count282
(/home/jeff/.TinyTeX/texmf-dist/tex/latex/hyperref/puenc.def
File: puenc.def 2021-06-07 v7.00m Hyperref: PDF Unicode definition (HO)
Now handling font encoding PU ...
... no UTF-8 mapping file for font encoding PU
)
Package hyperref Info: Hyper figures OFF on input line 4192.
Package hyperref Info: Link nesting OFF on input line 4197.
Package hyperref Info: Hyper index ON on input line 4200.
Package hyperref Info: Plain pages OFF on input line 4207.
Package hyperref Info: Backreferencing OFF on input line 4212.
Package hyperref Info: Implicit mode ON; LaTeX internals redefined.
Package hyperref Info: Bookmarks ON on input line 4445.
\c@Hy@tempcnt=\count283
(/home/jeff/.TinyTeX/texmf-dist/tex/latex/url/url.sty
\Urlmuskip=\muskip17
Package: url 2013/09/16  ver 3.4  Verb mode for urls, etc.
)
LaTeX Info: Redefining \url on input line 4804.
\XeTeXLinkMargin=\dimen168
(/home/jeff/.TinyTeX/texmf-dist/tex/generic/bitset/bitset.sty
Package: bitset 2019/12/09 v1.3 Handle bit-vector datatype (HO)
(/home/jeff/.TinyTeX/texmf-dist/tex/generic/bigintcalc/bigintcalc.sty
Package: bigintcalc 2019/12/15 v1.5 Expandable calculations on big integers (HO
)
))
\Fld@menulength=\count284
\Field@Width=\dimen169
\Fld@charsize=\dimen170
Package hyperref Info: Hyper figures OFF on input line 6076.
Package hyperref Info: Link nesting OFF on input line 6081.
Package hyperref Info: Hyper index ON on input line 6084.
Package hyperref Info: backreferencing OFF on input line 6091.
Package hyperref Info: Link coloring OFF on input line 6096.
Package hyperref Info: Link coloring with OCG OFF on input line 6101.
Package hyperref Info: PDF/A mode OFF on input line 6106.
LaTeX Info: Redefining \ref on input line 6146.
LaTeX Info: Redefining \pageref on input line 6150.
(/home/jeff/.TinyTeX/texmf-dist/tex/latex/base/atbegshi-ltx.sty
Package: atbegshi-ltx 2021/01/10 v1.0c Emulation of the original atbegshi
package with kernel methods
)
\Hy@abspage=\count285
\c@Item=\count286
\c@Hfootnote=\count287
)
Package hyperref Info: Driver (autodetected): hpdftex.
(/home/jeff/.TinyTeX/texmf-dist/tex/latex/hyperref/hpdftex.def
File: hpdftex.def 2021-06-07 v7.00m Hyperref driver for pdfTeX
(/home/jeff/.TinyTeX/texmf-dist/tex/latex/base/atveryend-ltx.sty
Package: atveryend-ltx 2020/08/19 v1.0a Emulation of the original atveryend pac
kage
with kernel methods
)
\Fld@listcount=\count288
\c@bookmark@seq@number=\count289
(/home/jeff/.TinyTeX/texmf-dist/tex/latex/rerunfilecheck/rerunfilecheck.sty
Package: rerunfilecheck 2019/12/05 v1.9 Rerun checks for auxiliary files (HO)
(/home/jeff/.TinyTeX/texmf-dist/tex/generic/uniquecounter/uniquecounter.sty
Package: uniquecounter 2019/12/15 v1.4 Provide unlimited unique counter (HO)
)
Package uniquecounter Info: New unique counter `rerunfilecheck' on input line 2
86.
)
\Hy@SectionHShift=\skip60
) (/home/jeff/.TinyTeX/texmf-dist/tex/latex/tools/longtable.sty
Package: longtable 2021-09-01 v4.17 Multi-page Table package (DPC)
\LTleft=\skip61
\LTright=\skip62
\LTpre=\skip63
\LTpost=\skip64
\LTchunksize=\count290
\LTcapwidth=\dimen171
\LT@head=\box56
\LT@firsthead=\box57
\LT@foot=\box58
\LT@lastfoot=\box59
\LT@gbox=\box60
\LT@cols=\count291
\LT@rows=\count292
\c@LT@tables=\count293
\c@LT@chunks=\count294
\LT@p@ftn=\toks28
) (/home/jeff/.TinyTeX/texmf-dist/tex/latex/booktabs/booktabs.sty
Package: booktabs 2020/01/12 v1.61803398 Publication quality tables
\heavyrulewidth=\dimen172
\lightrulewidth=\dimen173
\cmidrulewidth=\dimen174
\belowrulesep=\dimen175
\belowbottomsep=\dimen176
\aboverulesep=\dimen177
\abovetopsep=\dimen178
\cmidrulesep=\dimen179
\cmidrulekern=\dimen180
\defaultaddspace=\dimen181
\@cmidla=\count295
\@cmidlb=\count296
\@aboverulesep=\dimen182
\@belowrulesep=\dimen183
\@thisruleclass=\count297
\@lastruleclass=\count298
\@thisrulewidth=\dimen184
) (/home/jeff/.TinyTeX/texmf-dist/tex/latex/float/float.sty
Package: float 2001/11/08 v1.3d Float enhancements (AL)
\c@float@type=\count299
\float@exts=\toks29
\float@box=\box61
\@float@everytoks=\toks30
\@floatcapt=\box62
) (/home/jeff/.TinyTeX/texmf-dist/tex/latex/caption/caption.sty
Package: caption 2020/10/26 v3.5g Customizing captions (AR)
(/home/jeff/.TinyTeX/texmf-dist/tex/latex/caption/caption3.sty
Package: caption3 2020/10/21 v2.2e caption3 kernel (AR)
\captionmargin=\dimen185
\captionmargin@=\dimen186
\captionwidth=\dimen187
\caption@tempdima=\dimen188
\caption@indent=\dimen189
\caption@parindent=\dimen190
\caption@hangindent=\dimen191
Package caption Info: Standard document class detected.
)
\c@caption@flags=\count300
\c@continuedfloat=\count301
Package caption Info: float package is loaded.
Package caption Info: hyperref package is loaded.
Package caption Info: longtable package is loaded.
(/home/jeff/.TinyTeX/texmf-dist/tex/latex/caption/ltcaption.sty
Package: ltcaption 2020/05/30 v1.4b longtable captions (AR)
))
\@losfile=\write3
\openout3 = `tese_jefferson.syx'.

Writing index of symbols file tese_jefferson.syx
\@labfile=\write4
\openout4 = `tese_jefferson.abx'.

Writing index of abbreviations file tese_jefferson.abx
\csllabelwidth=\skip65
\cslhangindent=\skip66
(/home/jeff/.TinyTeX/texmf-dist/tex/latex/tools/calc.sty
Package: calc 2017/05/25 v4.3 Infix arithmetic (KKT,FJ)
\calc@Acount=\count302
\calc@Bcount=\count303
\calc@Adimen=\dimen192
\calc@Bdimen=\dimen193
\calc@Askip=\skip67
\calc@Bskip=\skip68
LaTeX Info: Redefining \setlength on input line 80.
LaTeX Info: Redefining \addtolength on input line 81.
\calc@Ccount=\count304
\calc@Cskip=\skip69
) (/home/jeff/.TinyTeX/texmf-dist/tex/latex/l3backend/l3backend-pdftex.def
File: l3backend-pdftex.def 2021-10-18 L3 backend support: PDF output (pdfTeX)
\l__color_backend_stack_int=\count305
\l__pdf_internal_box=\box63
) (./tese_jefferson.aux)
\openout1 = `tese_jefferson.aux'.

LaTeX Font Info:    Checking defaults for OML/cmm/m/it on input line 48.
LaTeX Font Info:    ... okay on input line 48.
LaTeX Font Info:    Checking defaults for OMS/cmsy/m/n on input line 48.
LaTeX Font Info:    ... okay on input line 48.
LaTeX Font Info:    Checking defaults for OT1/cmr/m/n on input line 48.
LaTeX Font Info:    ... okay on input line 48.
LaTeX Font Info:    Checking defaults for T1/cmr/m/n on input line 48.
LaTeX Font Info:    ... okay on input line 48.
LaTeX Font Info:    Checking defaults for TS1/cmr/m/n on input line 48.
LaTeX Font Info:    ... okay on input line 48.
LaTeX Font Info:    Checking defaults for OMX/cmex/m/n on input line 48.
LaTeX Font Info:    ... okay on input line 48.
LaTeX Font Info:    Checking defaults for U/cmr/m/n on input line 48.
LaTeX Font Info:    ... okay on input line 48.
LaTeX Font Info:    Checking defaults for PD1/pdf/m/n on input line 48.
LaTeX Font Info:    ... okay on input line 48.
LaTeX Font Info:    Checking defaults for PU/pdf/m/n on input line 48.
LaTeX Font Info:    ... okay on input line 48.
Package lastpage Info: Please have a look at the pageslts package at
(lastpage)             https://www.ctan.org/pkg/pageslts
(lastpage)             ! on input line 48.
(/home/jeff/.TinyTeX/texmf-dist/tex/latex/epstopdf-pkg/epstopdf-base.sty
Package: epstopdf-base 2020-01-24 v2.11 Base part for package epstopdf
Package epstopdf-base Info: Redefining graphics rule for `.eps' on input line 4
85.
(/home/jeff/.TinyTeX/texmf-dist/tex/latex/latexconfig/epstopdf-sys.cfg
File: epstopdf-sys.cfg 2010/07/13 v1.3 Configuration of (r)epstopdf for TeX Liv
e
))
*geometry* driver: auto-detecting
*geometry* detected driver: pdftex
*geometry* verbose mode - [ preamble ] result:
* driver: pdftex
* paper: a4paper
* layout: <same size as paper>
* layoutoffset:(h,v)=(0.0pt,0.0pt)
* vratio: 1:1
* modes: 
* h-part:(L,W,R)=(85.35826pt, 426.79135pt, 85.35826pt)
* v-part:(T,H,B)=(71.13188pt, 702.78308pt, 71.13188pt)
* \paperwidth=597.50787pt
* \paperheight=845.04684pt
* \textwidth=426.79135pt
* \textheight=702.78308pt
* \oddsidemargin=13.08827pt
* \evensidemargin=13.08827pt
* \topmargin=-33.0119pt
* \headheight=12.0pt
* \headsep=19.8738pt
* \topskip=12.0pt
* \footskip=30.0pt
* \marginparwidth=38.0pt
* \marginparsep=7.0pt
* \columnsep=10.0pt
* \skip\footins=10.8pt plus 4.0pt minus 2.0pt
* \hoffset=0.0pt
* \voffset=0.0pt
* \mag=1000
* \@twocolumnfalse
* \@twosidefalse
* \@mparswitchfalse
* \@reversemarginfalse
* (1in=72.27pt=25.4mm, 1cm=28.453pt)

Package hyperref Info: Link coloring OFF on input line 48.
(/home/jeff/.TinyTeX/texmf-dist/tex/latex/hyperref/nameref.sty
Package: nameref 2021-04-02 v2.47 Cross-referencing by name of section
(/home/jeff/.TinyTeX/texmf-dist/tex/latex/refcount/refcount.sty
Package: refcount 2019/12/15 v3.6 Data extraction from label references (HO)
) (/home/jeff/.TinyTeX/texmf-dist/tex/generic/gettitlestring/gettitlestring.sty
Package: gettitlestring 2019/12/15 v1.6 Cleanup title references (HO)
)
\c@section@level=\count306
)
LaTeX Info: Redefining \ref on input line 48.
LaTeX Info: Redefining \pageref on input line 48.
LaTeX Info: Redefining \nameref on input line 48.
(./tese_jefferson.out) (./tese_jefferson.out)
\@outlinefile=\write5
\openout5 = `tese_jefferson.out'.

Package caption Info: Begin \AtBeginDocument code.
Package caption Info: End \AtBeginDocument code.
Package hyperref Info: Option `breaklinks' set `true' on input line 68.
Package hyperref Info: Option `raiselinks' set `true' on input line 68.
Package hyperref Info: Option `pageanchor' set `true' on input line 68.
<figures/logo.pdf, id=184, 97.41797pt x 139.5544pt>
File: figures/logo.pdf Graphic file (type pdf)
<use figures/logo.pdf>
Package pdftex.def Info: figures/logo.pdf  used on input line 68.
(pdftex.def)             Requested size: 97.41771pt x 139.55405pt.

Underfull \hbox (badness 4859) in paragraph at lines 68--68
[]\T1/ppl/m/n/12 Dissertação de Mestrado apresentada ao
 []

LaTeX Font Info:    Trying to load font information for OT1+ppl on input line 6
8.
(/home/jeff/.TinyTeX/texmf-dist/tex/latex/psnfss/ot1ppl.fd
File: ot1ppl.fd 2001/06/04 font definitions for OT1/ppl.
)
LaTeX Font Info:    Trying to load font information for OML+zplm on input line 
68.
(/home/jeff/.TinyTeX/texmf-dist/tex/latex/psnfss/omlzplm.fd
File: omlzplm.fd 2002/09/08 Fontinst v1.914 font definitions for OML/zplm.
)
LaTeX Font Info:    Trying to load font information for OMS+zplm on input line 
68.
(/home/jeff/.TinyTeX/texmf-dist/tex/latex/psnfss/omszplm.fd
File: omszplm.fd 2002/09/08 Fontinst v1.914 font definitions for OMS/zplm.
)
LaTeX Font Info:    Trying to load font information for OMX+zplm on input line 
68.
(/home/jeff/.TinyTeX/texmf-dist/tex/latex/psnfss/omxzplm.fd
File: omxzplm.fd 2002/09/08 Fontinst v1.914 font definitions for OMX/zplm.
)
LaTeX Font Info:    Trying to load font information for OT1+zplm on input line 
68.
(/home/jeff/.TinyTeX/texmf-dist/tex/latex/psnfss/ot1zplm.fd
File: ot1zplm.fd 2002/09/08 Fontinst v1.914 font definitions for OT1/zplm.
)
LaTeX Font Info:    Font shape `U/msa/m/n' will be
(Font)              scaled to size 12.50409pt on input line 68.
LaTeX Font Info:    Font shape `U/msa/m/n' will be
(Font)              scaled to size 9.37807pt on input line 68.
LaTeX Font Info:    Font shape `U/msa/m/n' will be
(Font)              scaled to size 7.29405pt on input line 68.
LaTeX Font Info:    Font shape `U/msb/m/n' will be
(Font)              scaled to size 12.50409pt on input line 68.
LaTeX Font Info:    Font shape `U/msb/m/n' will be
(Font)              scaled to size 9.37807pt on input line 68.
LaTeX Font Info:    Font shape `U/msb/m/n' will be
(Font)              scaled to size 7.29405pt on input line 68.
[1


{/home/jeff/.TinyTeX/texmf-var/fonts/map/pdftex/updmap/pdftex.map} <./figures/l
ogo.pdf>] [2

]
Underfull \hbox (badness 2142) in paragraph at lines 70--70
[]\T1/ppl/m/n/12 Thesis' Title/Jefferson T. Silvério. -- São Paulo:
 []


Underfull \hbox (badness 1436) in paragraph at lines 70--70
\T1/ppl/m/n/12 Universidade de São Paulo/Instituto de Biociências,
 []


Underfull \hbox (badness 10000) in paragraph at lines 70--70
[]\T1/ppl/m/n/12 Dissertação (mestrado) -- Universidade de São
 []


LaTeX Warning: Reference `bib:begin' on page iii undefined on input line 70.


LaTeX Warning: Reference `bib:end' on page iii undefined on input line 70.

[3

] [4

] [5

] [6

] [7

] (./tese_jefferson.toc [8

])
\tf@toc=\write6
\openout6 = `tese_jefferson.toc'.

No file tese_jefferson.los.
No file tese_jefferson.lab.
[9]
Chapter 1.
LaTeX Font Info:    Trying to load font information for TS1+ppl on input line 1
07.
(/home/jeff/.TinyTeX/texmf-dist/tex/latex/psnfss/ts1ppl.fd
File: ts1ppl.fd 2001/06/04 font definitions for TS1/ppl.
) [1


]
<../04_figures/map/tuco_map.png, id=301, 2227.32124pt x 2252.415pt>
File: ../04_figures/map/tuco_map.png Graphic file (type png)
<use ../04_figures/map/tuco_map.png>
Package pdftex.def Info: ../04_figures/map/tuco_map.png  used on input line 131
.
(pdftex.def)             Requested size: 426.79135pt x 431.57205pt.
[2] [3 <../04_figures/map/tuco_map.png>] [4]
<../04_figures/collar/collar_tuco.png, id=330, 853.1875pt x 803.0pt>
File: ../04_figures/collar/collar_tuco.png Graphic file (type png)
<use ../04_figures/collar/collar_tuco.png>
Package pdftex.def Info: ../04_figures/collar/collar_tuco.png  used on input li
ne 152.
(pdftex.def)             Requested size: 426.79135pt x 401.69505pt.
[5] [6 <../04_figures/collar/collar_tuco.png>] [7] [8]
Overfull \hbox (1.40103pt too wide) in paragraph at lines 193--194
\T1/ppl/m/n/12 into ac-count ([]Zuc-chini, Iain Mac-Don-ald, and Roland Lan-gro
ck 2016[]). The Markov
 []

<tese_jefferson_files/figure-latex/hmm-formulation-1.pdf, id=387, 264.99pt x 78
.2925pt>
File: tese_jefferson_files/figure-latex/hmm-formulation-1.pdf Graphic file (typ
e pdf)
<use tese_jefferson_files/figure-latex/hmm-formulation-1.pdf>
Package pdftex.def Info: tese_jefferson_files/figure-latex/hmm-formulation-1.pd
f  used on input line 198.
(pdftex.def)             Requested size: 264.98935pt x 78.2923pt.
[9]

LaTeX Warning: Reference `fig:appendix-eda' on page 10 undefined on input line 
207.


LaTeX Warning: Reference `fig:appendix-eda' on page 10 undefined on input line 
209.

[10 <./tese_jefferson_files/figure-latex/hmm-formulation-1.pdf>] [11]
Overfull \hbox (1.04012pt too wide) in paragraph at lines 228--229
\T1/ppl/m/n/12 Scargle pe-ri-odograms to as-sess the ro-bust-ness and pe-ri-od-
ic-ity of ac-tiv-ity rhythms.
 []

[12]
Overfull \hbox (6.54721pt too wide) in paragraph at lines 237--238
\T1/ppl/m/n/12 We used ANOVA and post-hoc Tukey's HSD to test for dif-fer-ences
 be-tween month-
 []

[13]
<tese_jefferson_files/figure-latex/plot-light-exposure-1.pdf, id=504, 556.0775p
t x 467.7475pt>
File: tese_jefferson_files/figure-latex/plot-light-exposure-1.pdf Graphic file 
(type pdf)
<use tese_jefferson_files/figure-latex/plot-light-exposure-1.pdf>
Package pdftex.def Info: tese_jefferson_files/figure-latex/plot-light-exposure-
1.pdf  used on input line 272.
(pdftex.def)             Requested size: 426.79135pt x 359.0033pt.

Underfull \hbox (badness 10000) in paragraph at lines 269--277

 []

[14] [15 <./tese_jefferson_files/figure-latex/plot-light-exposure-1.pdf>]
Overfull \hbox (6.12743pt too wide) in paragraph at lines 283--284
\T1/ppl/m/n/12 Tuco-tuco's gen-eral ac-tiv-ity fol-lows a typ-i-cal di-ur-nal p
at-tern. Hourly mean VeDBA
 []

<tese_jefferson_files/figure-latex/vedba-boxplot-1.pdf, id=527, 701.62125pt x 3
25.215pt>
File: tese_jefferson_files/figure-latex/vedba-boxplot-1.pdf Graphic file (type 
pdf)
<use tese_jefferson_files/figure-latex/vedba-boxplot-1.pdf>
Package pdftex.def Info: tese_jefferson_files/figure-latex/vedba-boxplot-1.pdf 
 used on input line 288.
(pdftex.def)             Requested size: 426.79135pt x 197.83003pt.

Overfull \hbox (10.4322pt too wide) in paragraph at lines 285--293
[]\T1/ppl/m/n/12 The per-cent-age of day-time VeDBA is also sig-nif-i-cantly di
f-fer-ent be-tween months
 []


Overfull \hbox (17.4917pt too wide) in paragraph at lines 285--293
\T1/ppl/m/n/12 VeDBA, how-ever, there is only a sig-nif-i-cant dif-fer-ence be-
tween July-October (Tukey's
 []


Underfull \hbox (badness 10000) in paragraph at lines 285--293

 []

[16

 <./tese_jefferson_files/figure-latex/vedba-boxplot-1.pdf>]
<tese_jefferson_files/figure-latex/hmm-plot-1.pdf, id=548, 634.37pt x 312.16624
pt>
File: tese_jefferson_files/figure-latex/hmm-plot-1.pdf Graphic file (type pdf)
<use tese_jefferson_files/figure-latex/hmm-plot-1.pdf>
Package pdftex.def Info: tese_jefferson_files/figure-latex/hmm-plot-1.pdf  used
 on input line 302.
(pdftex.def)             Requested size: 426.79135pt x 210.02673pt.

Underfull \hbox (badness 10000) in paragraph at lines 299--307

 []

[17 <./tese_jefferson_files/figure-latex/hmm-plot-1.pdf>]
<tese_jefferson_files/figure-latex/actograms-results-1.pdf, id=567, 550.055pt x
 285.065pt>
File: tese_jefferson_files/figure-latex/actograms-results-1.pdf Graphic file (t
ype pdf)
<use tese_jefferson_files/figure-latex/actograms-results-1.pdf>
Package pdftex.def Info: tese_jefferson_files/figure-latex/actograms-results-1.
pdf  used on input line 314.
(pdftex.def)             Requested size: 426.79135pt x 221.19276pt.

Underfull \hbox (badness 10000) in paragraph at lines 310--319

 []

[18 <./tese_jefferson_files/figure-latex/actograms-results-1.pdf>]
<tese_jefferson_files/figure-latex/plot-time-state-1.pdf, id=582, 622.325pt x 6
10.28pt>
File: tese_jefferson_files/figure-latex/plot-time-state-1.pdf Graphic file (typ
e pdf)
<use tese_jefferson_files/figure-latex/plot-time-state-1.pdf>
Package pdftex.def Info: tese_jefferson_files/figure-latex/plot-time-state-1.pd
f  used on input line 330.
(pdftex.def)             Requested size: 426.79135pt x 418.53282pt.
[19

] [20 <./tese_jefferson_files/figure-latex/plot-time-state-1.pdf>] [21]
<tese_jefferson_files/figure-latex/plot-patterns-1.pdf, id=606, 701.62125pt x 1
061.9675pt>
File: tese_jefferson_files/figure-latex/plot-patterns-1.pdf Graphic file (type 
pdf)
<use tese_jefferson_files/figure-latex/plot-patterns-1.pdf>
Package pdftex.def Info: tese_jefferson_files/figure-latex/plot-patterns-1.pdf 
 used on input line 352.
(pdftex.def)             Requested size: 405.45047pt x 613.70538pt.
[22 <./tese_jefferson_files/figure-latex/plot-patterns-1.pdf>]
Underfull \hbox (badness 10000) in paragraph at lines 363--364

 []

<tese_jefferson_files/figure-latex/aboveground-activity-1.pdf, id=622, 485.815p
t x 216.81pt>
File: tese_jefferson_files/figure-latex/aboveground-activity-1.pdf Graphic file
 (type pdf)
<use tese_jefferson_files/figure-latex/aboveground-activity-1.pdf>
Package pdftex.def Info: tese_jefferson_files/figure-latex/aboveground-activity
-1.pdf  used on input line 373.
(pdftex.def)             Requested size: 426.79135pt x 190.46918pt.
[23

 <./tese_jefferson_files/figure-latex/aboveground-activity-1.pdf>]
<tese_jefferson_files/figure-latex/diurnality-plot-1.pdf, id=635, 569.12625pt x
 197.73875pt>
File: tese_jefferson_files/figure-latex/diurnality-plot-1.pdf Graphic file (typ
e pdf)
<use tese_jefferson_files/figure-latex/diurnality-plot-1.pdf>
Package pdftex.def Info: tese_jefferson_files/figure-latex/diurnality-plot-1.pd
f  used on input line 387.
(pdftex.def)             Requested size: 426.79135pt x 148.29163pt.

Underfull \hbox (badness 10000) in paragraph at lines 384--392

 []

[24 <./tese_jefferson_files/figure-latex/diurnality-plot-1.pdf>]
<tese_jefferson_files/figure-latex/plot-ri-and-period-1.pdf, id=651, 623.32875p
t x 191.71625pt>
File: tese_jefferson_files/figure-latex/plot-ri-and-period-1.pdf Graphic file (
type pdf)
<use tese_jefferson_files/figure-latex/plot-ri-and-period-1.pdf>
Package pdftex.def Info: tese_jefferson_files/figure-latex/plot-ri-and-period-1
.pdf  used on input line 407.
(pdftex.def)             Requested size: 426.79135pt x 131.26924pt.
[25] [26 <./tese_jefferson_files/figure-latex/plot-ri-and-period-1.pdf>]
Overfull \hbox (6.80151pt too wide) in paragraph at lines 425--426
[]\T1/ppl/m/n/12 selecionamos os fa-tores mais rel-e-vantes basea-dos nas anali
ses ex-plorato-
 []

[27]
Overfull \hbox (1.56744pt too wide) in paragraph at lines 489--490
[]\T1/ppl/m/n/12 os re-sul-ta-dos do in-dice de rit-mi-ci-dade de-vem ser in-te
r-pre-ta-dos com cuidado
 []

[28] [29

]
Appendix A.
[30

]
Appendix B.
<../04_figures/appendix/plot_plants.png, id=696, 650.43pt x 794.97pt>
File: ../04_figures/appendix/plot_plants.png Graphic file (type png)
<use ../04_figures/appendix/plot_plants.png>
Package pdftex.def Info: ../04_figures/appendix/plot_plants.png  used on input 
line 553.
(pdftex.def)             Requested size: 426.79135pt x 521.64926pt.
[31

] [32 <../04_figures/appendix/plot_plants.png (PNG copy)>]
<../04_figures/appendix/plot_weather.png, id=709, 650.43pt x 722.7pt>
File: ../04_figures/appendix/plot_weather.png Graphic file (type png)
<use ../04_figures/appendix/plot_weather.png>
Package pdftex.def Info: ../04_figures/appendix/plot_weather.png  used on input
 line 565.
(pdftex.def)             Requested size: 426.79135pt x 474.2266pt.
[33

 <../04_figures/appendix/plot_weather.png (PNG copy)>]
<../04_figures/appendix/plot_daylength.png, id=715, 650.43pt x 325.215pt>
File: ../04_figures/appendix/plot_daylength.png Graphic file (type png)
<use ../04_figures/appendix/plot_daylength.png>
Package pdftex.def Info: ../04_figures/appendix/plot_daylength.png  used on inp
ut line 582.
(pdftex.def)             Requested size: 426.79135pt x 213.40196pt.
[34 <../04_figures/appendix/plot_daylength.png (PNG copy)>]
Appendix C.
<../04_figures/appendix/plot_smoothing_window.png, id=723, 650.43pt x 722.7pt>
File: ../04_figures/appendix/plot_smoothing_window.png Graphic file (type png)
<use ../04_figures/appendix/plot_smoothing_window.png>
Package pdftex.def Info: ../04_figures/appendix/plot_smoothing_window.png  used
 on input line 595.
(pdftex.def)             Requested size: 426.79135pt x 474.2266pt.
[35

] [36 <../04_figures/appendix/plot_smoothing_window.png>]
Appendix D.
<../04_figures/residuals/m2_PR.png, id=736, 1204.5pt x 1003.75pt>
File: ../04_figures/residuals/m2_PR.png Graphic file (type png)
<use ../04_figures/residuals/m2_PR.png>
Package pdftex.def Info: ../04_figures/residuals/m2_PR.png  used on input line 
649.
(pdftex.def)             Requested size: 426.79135pt x 355.6675pt.
[37

] [38 <../04_figures/residuals/m2_PR.png (PNG copy)>]
Appendix E.
<../04_figures/actograms/actograms_vedba.png, id=750, 597.3225pt x 825.0825pt>
File: ../04_figures/actograms/actograms_vedba.png Graphic file (type png)
<use ../04_figures/actograms/actograms_vedba.png>
Package pdftex.def Info: ../04_figures/actograms/actograms_vedba.png  used on i
nput line 662.
(pdftex.def)             Requested size: 426.79135pt x 589.52666pt.
<../04_figures/actograms/actograms_high.png, id=751, 597.3225pt x 825.0825pt>
File: ../04_figures/actograms/actograms_high.png Graphic file (type png)
<use ../04_figures/actograms/actograms_high.png>
Package pdftex.def Info: ../04_figures/actograms/actograms_high.png  used on in
put line 670.
(pdftex.def)             Requested size: 426.79135pt x 589.52666pt.
[39

] [40 <../04_figures/actograms/actograms_vedba.png (PNG copy)>]
Overfull \vbox (261.82547pt too high) has occurred while \output is active []

[41 <../04_figures/actograms/actograms_high.png>]
<../04_figures/actograms/actograms_medium.png, id=768, 597.3225pt x 825.0825pt>

File: ../04_figures/actograms/actograms_medium.png Graphic file (type png)
<use ../04_figures/actograms/actograms_medium.png>
Package pdftex.def Info: ../04_figures/actograms/actograms_medium.png  used on 
input line 674.
(pdftex.def)             Requested size: 426.79135pt x 589.52666pt.
<../04_figures/ACF/acf_plot.png, id=769, 597.31155pt x 824.96205pt>
File: ../04_figures/ACF/acf_plot.png Graphic file (type png)
<use ../04_figures/ACF/acf_plot.png>
Package pdftex.def Info: ../04_figures/ACF/acf_plot.png  used on input line 678
.
(pdftex.def)             Requested size: 426.79135pt x 589.47835pt.
[42 <../04_figures/actograms/actograms_medium.png>]
<../04_figures/periodogram/periodogram.png, id=777, 597.31155pt x 824.96205pt>
File: ../04_figures/periodogram/periodogram.png Graphic file (type png)
<use ../04_figures/periodogram/periodogram.png>
Package pdftex.def Info: ../04_figures/periodogram/periodogram.png  used on inp
ut line 682.
(pdftex.def)             Requested size: 426.79135pt x 589.47835pt.
[43 <../04_figures/ACF/acf_plot.png (PNG copy)>] [44 <../04_figures/periodogram
/periodogram.png (PNG copy)>]
No file tese_jefferson.bbl.
LaTeX Font Info:    Trying to load font information for T1+cmtt on input line 7
01.
(/home/jeff/.TinyTeX/texmf-dist/tex/latex/base/t1cmtt.fd
File: t1cmtt.fd 2019/12/16 v2.5j Standard LaTeX font definitions
)
Overfull \hbox (12.09387pt too wide) in paragraph at lines 715--717
 \T1/ppl/m/it/12 Den-drochronolo-gia \T1/ppl/m/n/12 26 (2): 115--24. []$\T1/cmt
t/m/n/12 https : / / doi . org / 10 . 1016 / j . dendro . 2008 .
 []

[45


]
Overfull \hbox (8.16035pt too wide) in paragraph at lines 718--720
 \T1/ppl/m/n/12 2002. \T1/ppl/m/it/12 Model Se-lec-tion and Mul-ti-model In-fer
-ence: A Prac-ti-cal Information-Theoretic
 []


Overfull \hbox (4.29837pt too wide) in paragraph at lines 736--738
 []\T1/ppl/m/n/12 Langrock, Roland, Ruth King, Ja-son Matthiopou-los, Len Thoma
s, Daniel Fortin,
 []

[46]
Overfull \hbox (7.73132pt too wide) in paragraph at lines 757--759
 \T1/ppl/m/n/12 Barajas, Darcy Bradley, Roland Lan-grock, Kevin Weng, Christo-p
her G. Lowe,
 []


Overfull \hbox (1.63376pt too wide) in paragraph at lines 757--759
 \T1/ppl/m/n/12 High-light Cen-tral Place For-ag-ing Strate-gies in Ma-rine Pre
da-tors That Never
 []

[47]
Overfull \hbox (0.67435pt too wide) in paragraph at lines 763--765
 \T1/ppl/m/n/12 2009. ``Clas-si-fy-ing Move-ment Be-haviour in Re-la-tion to En
-vi-ron-men-tal Con-
 []


Overfull \hbox (8.0905pt too wide) in paragraph at lines 766--768
 []\T1/ppl/m/n/12 Pohle, Jen-nifer, Roland Lan-grock, Floris M. van Beest, and 
Niels Mar-tin Schmidt.
 []


Overfull \hbox (1.46735pt too wide) in paragraph at lines 769--771
 []\T1/ppl/m/n/12 Qasem, Lama, An-to-nia Cardew, Alexis Wil-son, Iwan Grif-fith
s, Lewis G. Halsey,
 []


Overfull \hbox (3.76971pt too wide) in paragraph at lines 769--771
 \T1/ppl/m/n/12 We Be Sum-ming Val-ues or Cal-cu-lat-ing the Vec-tor?'' \T1/ppl
/m/it/12 PLOS ONE \T1/ppl/m/n/12 7 (2): e31187.
 []


Overfull \hbox (12.85414pt too wide) in paragraph at lines 775--777
 \T1/ppl/m/n/12 Anal-y-sis of In-com-plete and Un-equally Spaced Time-Series.''
 \T1/ppl/m/it/12 Bi-o-log-i-cal Rhythm
 []

[48]
Overfull \hbox (3.25313pt too wide) in paragraph at lines 796--798
 \T1/ppl/m/n/12 Ac-cel-er-a-tion for Es-ti-mates of Activity-Specific Metabolic
 Rate in Free-Living
 []

[49] 
AED: lastpage setting LastPage
[50] (./tese_jefferson.aux)

LaTeX Warning: There were undefined references.

Package rerunfilecheck Info: File `tese_jefferson.out' has not changed.
(rerunfilecheck)             Checksum: 1237645414E5063C87D0D00037127A08;7920.
 ) 
Here is how much of TeX's memory you used:
 14091 strings out of 480293
 233588 string characters out of 5896593
 549614 words of memory out of 5000000
 31474 multiletter control sequences out of 15000+600000
 434442 words of font info for 90 fonts, out of 8000000 for 9000
 16 hyphenation exceptions out of 8191
 70i,11n,76p,1811b,484s stack positions out of 5000i,500n,10000p,200000b,80000s
 </home/jeff/.TinyTeX/texmf-var/fonts/pk/ljfour/jknappen/ec/ectt1200.600pk>{/
home/jeff/.TinyTeX/texmf-dist/fonts/enc/dvips/base/8r.enc}</home/jeff/.TinyTeX/
texmf-dist/fonts/type1/public/amsfonts/cm/cmex10.pfb></home/jeff/.TinyTeX/texmf
-dist/fonts/type1/public/amsfonts/cm/cmr10.pfb></home/jeff/.TinyTeX/texmf-dist/
fonts/type1/public/amsfonts/cm/cmsy10.pfb></home/jeff/.TinyTeX/texmf-dist/fonts
/type1/public/mathpazo/fplmr.pfb></home/jeff/.TinyTeX/texmf-dist/fonts/type1/ur
w/palatino/uplb8a.pfb></home/jeff/.TinyTeX/texmf-dist/fonts/type1/urw/palatino/
uplbi8a.pfb></home/jeff/.TinyTeX/texmf-dist/fonts/type1/urw/palatino/uplr8a.pfb
></home/jeff/.TinyTeX/texmf-dist/fonts/type1/urw/palatino/uplri8a.pfb>
Output written on tese_jefferson.pdf (59 pages, 16075801 bytes).
PDF statistics:
 1004 PDF objects out of 1200 (max. 8388607)
 807 compressed objects within 9 object streams
 215 named destinations out of 1000 (max. 500000)
 476 words of extra memory for PDF output out of 10000 (max. 10000000)

